<?xml version="1.0" encoding="UTF-8"?>
<testsuite xmlns:xsi="http://www.w3.org/2001/XMLSchema-instance" xsi:noNamespaceSchemaLocation="https://maven.apache.org/surefire/maven-surefire-plugin/xsd/surefire-test-report-3.0.xsd" version="3.0" name="mainTest" time="0.01" tests="1" errors="0" skipped="0" failures="0">
  <properties>
    <property name="java.specification.version" value="17"/>
    <property name="sun.jnu.encoding" value="UTF-8"/>
    <property name="java.class.path" value="/home/andrew/eclipse-new-workspace/csv-anki-app/target/test-classes:/home/andrew/.m2/repository/org/ow2/asm/asm/9.1/asm-9.1.jar:/home/andrew/.m2/repository/org/openjfx/javafx-controls/17.0.9/javafx-controls-17.0.9.jar:/home/andrew/.m2/repository/org/openjfx/javafx-graphics/17.0.9/javafx-graphics-17.0.9.jar:/home/andrew/.m2/repository/org/openjfx/javafx-base/17.0.9/javafx-base-17.0.9.jar:/home/andrew/.m2/repository/org/openjfx/javafx-fxml/17.0.9/javafx-fxml-17.0.9.jar:/home/andrew/.m2/repository/org/openjfx/javafx-swing/13.0.2/javafx-swing-13.0.2.jar:/home/andrew/.m2/repository/org/openjfx/javafx-swing/13.0.2/javafx-swing-13.0.2-linux.jar:/home/andrew/.m2/repository/org/junit/jupiter/junit-jupiter-api/5.10.1/junit-jupiter-api-5.10.1.jar:/home/andrew/.m2/repository/org/opentest4j/opentest4j/1.3.0/opentest4j-1.3.0.jar:/home/andrew/.m2/repository/org/junit/platform/junit-platform-commons/1.10.1/junit-platform-commons-1.10.1.jar:/home/andrew/.m2/repository/org/apiguardian/apiguardian-api/1.1.2/apiguardian-api-1.1.2.jar:/home/andrew/.m2/repository/org/junit/jupiter/junit-jupiter-engine/5.10.1/junit-jupiter-engine-5.10.1.jar:/home/andrew/.m2/repository/org/junit/platform/junit-platform-engine/1.10.1/junit-platform-engine-1.10.1.jar:/home/andrew/.m2/repository/org/mockito/mockito-core/3.11.2/mockito-core-3.11.2.jar:/home/andrew/.m2/repository/net/bytebuddy/byte-buddy/1.11.3/byte-buddy-1.11.3.jar:/home/andrew/.m2/repository/net/bytebuddy/byte-buddy-agent/1.11.3/byte-buddy-agent-1.11.3.jar:/home/andrew/.m2/repository/org/objenesis/objenesis/3.2/objenesis-3.2.jar:/home/andrew/.m2/repository/com/google/guava/guava/31.0.1-jre/guava-31.0.1-jre.jar:/home/andrew/.m2/repository/com/google/guava/failureaccess/1.0.1/failureaccess-1.0.1.jar:/home/andrew/.m2/repository/com/google/guava/listenablefuture/9999.0-empty-to-avoid-conflict-with-guava/listenablefuture-9999.0-empty-to-avoid-conflict-with-guava.jar:/home/andrew/.m2/repository/com/google/code/findbugs/jsr305/3.0.2/jsr305-3.0.2.jar:/home/andrew/.m2/repository/org/checkerframework/checker-qual/3.12.0/checker-qual-3.12.0.jar:/home/andrew/.m2/repository/com/google/errorprone/error_prone_annotations/2.7.1/error_prone_annotations-2.7.1.jar:/home/andrew/.m2/repository/com/google/j2objc/j2objc-annotations/1.3/j2objc-annotations-1.3.jar:"/>
    <property name="java.vm.vendor" value="Private Build"/>
    <property name="sun.arch.data.model" value="64"/>
    <property name="java.vendor.url" value="Unknown"/>
    <property name="user.timezone" value="America/Chicago"/>
    <property name="os.name" value="Linux"/>
    <property name="java.vm.specification.version" value="17"/>
    <property name="sun.java.launcher" value="SUN_STANDARD"/>
    <property name="user.country" value="US"/>
    <property name="sun.boot.library.path" value="/usr/lib/jvm/java-17-openjdk-amd64/lib"/>
    <property name="sun.java.command" value="org.apache.maven.surefire.booter.ForkedBooter /home/andrew/eclipse-new-workspace/csv-anki-app/target/surefire 2024-01-26T15-02-41_436-jvmRun1 surefire8678663156224005915tmp surefire_01459299934014484050tmp"/>
    <property name="jdk.debug" value="release"/>
    <property name="surefire.test.class.path" value="/home/andrew/eclipse-new-workspace/csv-anki-app/target/test-classes:/home/andrew/.m2/repository/org/ow2/asm/asm/9.1/asm-9.1.jar:/home/andrew/.m2/repository/org/openjfx/javafx-controls/17.0.9/javafx-controls-17.0.9.jar:/home/andrew/.m2/repository/org/openjfx/javafx-graphics/17.0.9/javafx-graphics-17.0.9.jar:/home/andrew/.m2/repository/org/openjfx/javafx-base/17.0.9/javafx-base-17.0.9.jar:/home/andrew/.m2/repository/org/openjfx/javafx-fxml/17.0.9/javafx-fxml-17.0.9.jar:/home/andrew/.m2/repository/org/openjfx/javafx-swing/13.0.2/javafx-swing-13.0.2.jar:/home/andrew/.m2/repository/org/openjfx/javafx-swing/13.0.2/javafx-swing-13.0.2-linux.jar:/home/andrew/.m2/repository/org/junit/jupiter/junit-jupiter-api/5.10.1/junit-jupiter-api-5.10.1.jar:/home/andrew/.m2/repository/org/opentest4j/opentest4j/1.3.0/opentest4j-1.3.0.jar:/home/andrew/.m2/repository/org/junit/platform/junit-platform-commons/1.10.1/junit-platform-commons-1.10.1.jar:/home/andrew/.m2/repository/org/apiguardian/apiguardian-api/1.1.2/apiguardian-api-1.1.2.jar:/home/andrew/.m2/repository/org/junit/jupiter/junit-jupiter-engine/5.10.1/junit-jupiter-engine-5.10.1.jar:/home/andrew/.m2/repository/org/junit/platform/junit-platform-engine/1.10.1/junit-platform-engine-1.10.1.jar:/home/andrew/.m2/repository/org/mockito/mockito-core/3.11.2/mockito-core-3.11.2.jar:/home/andrew/.m2/repository/net/bytebuddy/byte-buddy/1.11.3/byte-buddy-1.11.3.jar:/home/andrew/.m2/repository/net/bytebuddy/byte-buddy-agent/1.11.3/byte-buddy-agent-1.11.3.jar:/home/andrew/.m2/repository/org/objenesis/objenesis/3.2/objenesis-3.2.jar:/home/andrew/.m2/repository/com/google/guava/guava/31.0.1-jre/guava-31.0.1-jre.jar:/home/andrew/.m2/repository/com/google/guava/failureaccess/1.0.1/failureaccess-1.0.1.jar:/home/andrew/.m2/repository/com/google/guava/listenablefuture/9999.0-empty-to-avoid-conflict-with-guava/listenablefuture-9999.0-empty-to-avoid-conflict-with-guava.jar:/home/andrew/.m2/repository/com/google/code/findbugs/jsr305/3.0.2/jsr305-3.0.2.jar:/home/andrew/.m2/repository/org/checkerframework/checker-qual/3.12.0/checker-qual-3.12.0.jar:/home/andrew/.m2/repository/com/google/errorprone/error_prone_annotations/2.7.1/error_prone_annotations-2.7.1.jar:/home/andrew/.m2/repository/com/google/j2objc/j2objc-annotations/1.3/j2objc-annotations-1.3.jar:"/>
    <property name="sun.cpu.endian" value="little"/>
    <property name="user.home" value="/home/andrew"/>
    <property name="user.language" value="en"/>
    <property name="java.specification.vendor" value="Oracle Corporation"/>
    <property name="jdk.module.path" value="/home/andrew/eclipse-new-workspace/csv-anki-app/target/classes:/home/andrew/.m2/repository/org/apache/commons/commons-csv/1.10.0/commons-csv-1.10.0.jar:/home/andrew/.m2/repository/org/openjfx/javafx-controls/17.0.9/javafx-controls-17.0.9-linux.jar:/home/andrew/.m2/repository/org/openjfx/javafx-graphics/17.0.9/javafx-graphics-17.0.9-linux.jar:/home/andrew/.m2/repository/org/openjfx/javafx-base/17.0.9/javafx-base-17.0.9-linux.jar:/home/andrew/.m2/repository/org/openjfx/javafx-fxml/17.0.9/javafx-fxml-17.0.9-linux.jar:/home/andrew/.m2/repository/org/json/json/20231013/json-20231013.jar"/>
    <property name="java.version.date" value="2023-10-17"/>
    <property name="java.home" value="/usr/lib/jvm/java-17-openjdk-amd64"/>
    <property name="file.separator" value="/"/>
    <property name="basedir" value="/home/andrew/eclipse-new-workspace/csv-anki-app"/>
    <property name="java.vm.compressedOopsMode" value="32-bit"/>
    <property name="line.separator" value="&#10;"/>
    <property name="java.specification.name" value="Java Platform API Specification"/>
    <property name="java.vm.specification.vendor" value="Oracle Corporation"/>
    <property name="surefire.real.class.path" value="/home/andrew/.m2/repository/org/apache/maven/surefire/surefire-booter/3.0.0-M5/surefire-booter-3.0.0-M5.jar:/home/andrew/.m2/repository/org/apache/maven/surefire/surefire-api/3.0.0-M5/surefire-api-3.0.0-M5.jar:/home/andrew/.m2/repository/org/apache/maven/surefire/surefire-logger-api/3.0.0-M5/surefire-logger-api-3.0.0-M5.jar:/home/andrew/.m2/repository/org/apache/maven/surefire/surefire-shared-utils/3.0.0-M4/surefire-shared-utils-3.0.0-M4.jar:/home/andrew/.m2/repository/org/apache/maven/surefire/surefire-extensions-spi/3.0.0-M5/surefire-extensions-spi-3.0.0-M5.jar:/home/andrew/eclipse-new-workspace/csv-anki-app/target/test-classes:/home/andrew/.m2/repository/org/ow2/asm/asm/9.1/asm-9.1.jar:/home/andrew/.m2/repository/org/openjfx/javafx-controls/17.0.9/javafx-controls-17.0.9.jar:/home/andrew/.m2/repository/org/openjfx/javafx-graphics/17.0.9/javafx-graphics-17.0.9.jar:/home/andrew/.m2/repository/org/openjfx/javafx-base/17.0.9/javafx-base-17.0.9.jar:/home/andrew/.m2/repository/org/openjfx/javafx-fxml/17.0.9/javafx-fxml-17.0.9.jar:/home/andrew/.m2/repository/org/openjfx/javafx-swing/13.0.2/javafx-swing-13.0.2.jar:/home/andrew/.m2/repository/org/openjfx/javafx-swing/13.0.2/javafx-swing-13.0.2-linux.jar:/home/andrew/.m2/repository/org/junit/jupiter/junit-jupiter-api/5.10.1/junit-jupiter-api-5.10.1.jar:/home/andrew/.m2/repository/org/opentest4j/opentest4j/1.3.0/opentest4j-1.3.0.jar:/home/andrew/.m2/repository/org/junit/platform/junit-platform-commons/1.10.1/junit-platform-commons-1.10.1.jar:/home/andrew/.m2/repository/org/apiguardian/apiguardian-api/1.1.2/apiguardian-api-1.1.2.jar:/home/andrew/.m2/repository/org/junit/jupiter/junit-jupiter-engine/5.10.1/junit-jupiter-engine-5.10.1.jar:/home/andrew/.m2/repository/org/junit/platform/junit-platform-engine/1.10.1/junit-platform-engine-1.10.1.jar:/home/andrew/.m2/repository/org/mockito/mockito-core/3.11.2/mockito-core-3.11.2.jar:/home/andrew/.m2/repository/net/bytebuddy/byte-buddy/1.11.3/byte-buddy-1.11.3.jar:/home/andrew/.m2/repository/net/bytebuddy/byte-buddy-agent/1.11.3/byte-buddy-agent-1.11.3.jar:/home/andrew/.m2/repository/org/objenesis/objenesis/3.2/objenesis-3.2.jar:/home/andrew/.m2/repository/com/google/guava/guava/31.0.1-jre/guava-31.0.1-jre.jar:/home/andrew/.m2/repository/com/google/guava/failureaccess/1.0.1/failureaccess-1.0.1.jar:/home/andrew/.m2/repository/com/google/guava/listenablefuture/9999.0-empty-to-avoid-conflict-with-guava/listenablefuture-9999.0-empty-to-avoid-conflict-with-guava.jar:/home/andrew/.m2/repository/com/google/code/findbugs/jsr305/3.0.2/jsr305-3.0.2.jar:/home/andrew/.m2/repository/org/checkerframework/checker-qual/3.12.0/checker-qual-3.12.0.jar:/home/andrew/.m2/repository/com/google/errorprone/error_prone_annotations/2.7.1/error_prone_annotations-2.7.1.jar:/home/andrew/.m2/repository/com/google/j2objc/j2objc-annotations/1.3/j2objc-annotations-1.3.jar:/home/andrew/.m2/repository/org/apache/maven/surefire/surefire-junit-platform/3.0.0-M5/surefire-junit-platform-3.0.0-M5.jar:/home/andrew/.m2/repository/org/apache/maven/surefire/common-java5/3.0.0-M5/common-java5-3.0.0-M5.jar:/home/andrew/.m2/repository/org/junit/platform/junit-platform-launcher/1.10.1/junit-platform-launcher-1.10.1.jar"/>
    <property name="sun.management.compiler" value="HotSpot 64-Bit Tiered Compilers"/>
    <property name="java.runtime.version" value="17.0.9+9-Ubuntu-122.04"/>
    <property name="user.name" value="andrew"/>
    <property name="path.separator" value=":"/>
    <property name="os.version" value="5.15.0-91-generic"/>
    <property name="java.runtime.name" value="OpenJDK Runtime Environment"/>
    <property name="file.encoding" value="UTF-8"/>
    <property name="java.vm.name" value="OpenJDK 64-Bit Server VM"/>
    <property name="localRepository" value="/home/andrew/.m2/repository"/>
    <property name="java.vendor.url.bug" value="Unknown"/>
    <property name="java.io.tmpdir" value="/tmp"/>
    <property name="java.version" value="17.0.9"/>
    <property name="user.dir" value="/home/andrew/eclipse-new-workspace/csv-anki-app"/>
    <property name="os.arch" value="amd64"/>
    <property name="java.vm.specification.name" value="Java Virtual Machine Specification"/>
    <property name="native.encoding" value="UTF-8"/>
    <property name="java.library.path" value="/usr/java/packages/lib:/usr/lib/x86_64-linux-gnu/jni:/lib/x86_64-linux-gnu:/usr/lib/x86_64-linux-gnu:/usr/lib/jni:/lib:/usr/lib"/>
    <property name="java.vm.info" value="mixed mode"/>
    <property name="java.vendor" value="Private Build"/>
    <property name="java.vm.version" value="17.0.9+9-Ubuntu-122.04"/>
    <property name="sun.io.unicode.encoding" value="UnicodeLittle"/>
    <property name="java.class.version" value="61.0"/>
  </properties>
  <testcase name="testMainApplication" classname="mainTest" time="0.008"/>
</testsuite>